$$$$$$$$$$$$$$$$$$$$$Test Case Started - enterEmailExecution Started$$$$$$$$$$$$$$$$$$$$$
$$$$$$$$$$$$$$$$$$$$$Test Case Started - enterEmailExecution Started$$$$$$$$$$$$$$$$$$$$$
Test Case Succeed - enterEmail
Test Case Succeed - enterEmail
$$$$$$$$$$$$$$$$$$$$$Test Case Started - enterPasswordExecution Started$$$$$$$$$$$$$$$$$$$$$
$$$$$$$$$$$$$$$$$$$$$Test Case Started - enterPasswordExecution Started$$$$$$$$$$$$$$$$$$$$$
Test Case Succeed - enterPassword
Test Case Succeed - enterPassword
$$$$$$$$$$$$$$$$$$$$$Test Case Started - clickLoginButtonExecution Started$$$$$$$$$$$$$$$$$$$$$
$$$$$$$$$$$$$$$$$$$$$Test Case Started - clickLoginButtonExecution Started$$$$$$$$$$$$$$$$$$$$$
Test Case Failed - clickLoginButton
org.openqa.selenium.NoSuchElementException: no such element: Unable to locate element: {"method":"xpath","selector":"//button[@id='login-butto']"}
  (Session info: chrome=104.0.5112.102)
For documentation on this error, please visit: https://www.seleniumhq.org/exceptions/no_such_element.html
Build info: version: '3.141.59', revision: 'e82be7d358', time: '2018-11-14T08:17:03'
System info: host: 'DML-09303', ip: '192.168.0.103', os.name: 'Windows 10', os.arch: 'amd64', os.version: '10.0', java.version: '11.0.13'
Driver info: org.openqa.selenium.chrome.ChromeDriver
Capabilities {acceptInsecureCerts: false, browserName: chrome, browserVersion: 104.0.5112.102, chrome: {chromedriverVersion: 104.0.5112.79 (3cf3e8c8a07d..., userDataDir: C:\Users\VCHAUR~1\AppData\L...}, goog:chromeOptions: {debuggerAddress: localhost:52519}, javascriptEnabled: true, networkConnectionEnabled: false, pageLoadStrategy: normal, platform: WINDOWS, platformName: WINDOWS, proxy: Proxy(), setWindowRect: true, strictFileInteractability: false, timeouts: {implicit: 0, pageLoad: 300000, script: 30000}, unhandledPromptBehavior: dismiss and notify, webauthn:extension:credBlob: true, webauthn:extension:largeBlob: true, webauthn:virtualAuthenticators: true}
Session ID: 276bfe801858fe51224f69a9f409d1b4
*** Element info: {Using=xpath, value=//button[@id='login-butto']}
Test Case Failed - clickLoginButton
org.openqa.selenium.NoSuchElementException: no such element: Unable to locate element: {"method":"xpath","selector":"//button[@id='login-butto']"}
  (Session info: chrome=104.0.5112.102)
For documentation on this error, please visit: https://www.seleniumhq.org/exceptions/no_such_element.html
Build info: version: '3.141.59', revision: 'e82be7d358', time: '2018-11-14T08:17:03'
System info: host: 'DML-09303', ip: '192.168.0.103', os.name: 'Windows 10', os.arch: 'amd64', os.version: '10.0', java.version: '11.0.13'
Driver info: org.openqa.selenium.chrome.ChromeDriver
Capabilities {acceptInsecureCerts: false, browserName: chrome, browserVersion: 104.0.5112.102, chrome: {chromedriverVersion: 104.0.5112.79 (3cf3e8c8a07d..., userDataDir: C:\Users\VCHAUR~1\AppData\L...}, goog:chromeOptions: {debuggerAddress: localhost:52519}, javascriptEnabled: true, networkConnectionEnabled: false, pageLoadStrategy: normal, platform: WINDOWS, platformName: WINDOWS, proxy: Proxy(), setWindowRect: true, strictFileInteractability: false, timeouts: {implicit: 0, pageLoad: 300000, script: 30000}, unhandledPromptBehavior: dismiss and notify, webauthn:extension:credBlob: true, webauthn:extension:largeBlob: true, webauthn:virtualAuthenticators: true}
Session ID: 276bfe801858fe51224f69a9f409d1b4
*** Element info: {Using=xpath, value=//button[@id='login-butto']}
$$$$$$$$$$$$$$$$$$$$$Test Case Started - waitForSometimeExecution Started$$$$$$$$$$$$$$$$$$$$$
$$$$$$$$$$$$$$$$$$$$$Test Case Started - waitForSometimeExecution Started$$$$$$$$$$$$$$$$$$$$$
Test Case Succeed - waitForSometime
Test Case Succeed - waitForSometime
$$$$$$$$$$$$$$$$$$$$$Test Case Ends - TestExecution Ended$$$$$$$$$$$$$$$$$$$$$$$
$$$$$$$$$$$$$$$$$$$$$Test Case Ends - TestExecution Ended$$$$$$$$$$$$$$$$$$$$$$$
