<?xml version="1.0" encoding="UTF-8"?>
<!-- Generated by org.testng.reporters.JUnitXMLReporter -->
<testsuite ignored="5" hostname="DML-09303" failures="0" tests="4" name="Test" time="0.075" errors="0" timestamp="03 Sep 2022 08:29:25 GMT">
  <testcase classname="TestNG0019ParallelTestingFrameworkIntegration.BaseClass" name="@BeforeTest testBaseSetup" time="0.0">
    <failure type="org.testng.TestNGException" message="
Parameter &amp;apos;BrowserName&amp;apos; is required by BeforeTest on method testBaseSetup but has not been marked @Optional or defined
in D:\Personal\Study\TestNGUsingDataDrivenFramework\TestNGUsingDataDrivenFramework\ParallelTestingAtClassLevelForSameBrowserWithParamater.xml">
      <![CDATA[org.testng.TestNGException: 
Parameter 'BrowserName' is required by BeforeTest on method testBaseSetup but has not been marked @Optional or defined
in D:\Personal\Study\TestNGUsingDataDrivenFramework\TestNGUsingDataDrivenFramework\ParallelTestingAtClassLevelForSameBrowserWithParamater.xml
... Removed 21 stack frames]]>
    </failure>
  </testcase> <!-- @BeforeTest testBaseSetup -->
  <testcase classname="TestNG0019ParallelTestingFrameworkIntegration.TestCaseSignUp" name="@BeforeTest setUpRegistration" time="0.0">
    <skipped/>
  </testcase> <!-- @BeforeTest setUpRegistration -->
  <testcase classname="TestNG0019ParallelTestingFrameworkIntegration.TestCaseLogin" name="@BeforeTest setUpLogin" time="0.0">
    <skipped/>
  </testcase> <!-- @BeforeTest setUpLogin -->
  <testcase classname="TestNG0019ParallelTestingFrameworkIntegration.BaseClass" name="@AfterTest quitDriver" time="0.0">
    <skipped/>
  </testcase> <!-- @AfterTest quitDriver -->
  <testcase classname="TestNG0019ParallelTestingFrameworkIntegration.TestCaseLogin" name="requiredFieldValidation" time="0.0">
    <skipped/>
  </testcase> <!-- requiredFieldValidation -->
  <testcase classname="TestNG0019ParallelTestingFrameworkIntegration.TestCaseLogin" name="enterIncorrectFormat" time="0.0">
    <skipped/>
  </testcase> <!-- enterIncorrectFormat -->
  <testcase classname="TestNG0019ParallelTestingFrameworkIntegration.TestCaseSignUp" name="verifyValidationMessageOnBlankFields" time="0.0">
    <skipped/>
  </testcase> <!-- verifyValidationMessageOnBlankFields -->
  <testcase classname="TestNG0019ParallelTestingFrameworkIntegration.TestCaseSignUp" name="isIAgreeValidationMessageDisplayed" time="0.0">
    <skipped/>
  </testcase> <!-- isIAgreeValidationMessageDisplayed -->
  <testcase classname="TestNG0019ParallelTestingFrameworkIntegration.BaseClass" name="@BeforeTest testBaseSetup" time="0.0">
    <ignored/>
  </testcase> <!-- @BeforeTest testBaseSetup -->
  <testcase classname="TestNG0019ParallelTestingFrameworkIntegration.BaseClass" name="@AfterTest quitDriver" time="0.0">
    <ignored/>
  </testcase> <!-- @AfterTest quitDriver -->
  <testcase classname="TestNG0019ParallelTestingFrameworkIntegration.BaseClass" name="@BeforeSuite startReport" time="0.0">
    <ignored/>
  </testcase> <!-- @BeforeSuite startReport -->
  <testcase classname="TestNG0019ParallelTestingFrameworkIntegration.BaseClass" name="@AfterSuite teardown" time="0.0">
    <ignored/>
  </testcase> <!-- @AfterSuite teardown -->
  <testcase classname="TestNG0019ParallelTestingFrameworkIntegration.BaseClass" name="@AfterTest tearDown" time="0.0">
    <ignored/>
  </testcase> <!-- @AfterTest tearDown -->
</testsuite> <!-- Test -->
